# JRE version: OpenJDK Runtime Environment Temurin-21.0.10+7 (21.0.10+7) (build 21.0.10+7-LTS)
# Java VM: OpenJDK 64-Bit Server VM Temurin-21.0.10+7 (21.0.10+7-LTS, mixed mode, sharing, tiered, compressed oops, compressed class ptrs, parallel gc, windows-amd64)
GC Precious Log:
 CardTable entry size: 512
 CPUs: 8 total, 8 available
 Memory: 8070M
 Large Page Support: Disabled
 NUMA Support: Disabled
 Compressed Oops: Enabled (32-bit)
 Alignments: Space 512K, Generation 512K, Heap 2M
 Heap Min Capacity: 100M
 Heap Initial Capacity: 100M
 Heap Max Capacity: 2G
 Pre-touch: Disabled
 Parallel Workers: 8
Heap:
 PSYoungGen      total 10240K, used 7105K [0x00000000d5580000, 0x00000000d6000000, 0x0000000100000000)
  eden space 9728K, 69% used [0x00000000d5580000,0x00000000d5c14538,0x00000000d5f00000)
  from space 512K, 71% used [0x00000000d5f00000,0x00000000d5f5c248,0x00000000d5f80000)
  to   space 512K, 0% used [0x00000000d5f80000,0x00000000d5f80000,0x00000000d6000000)
 ParOldGen       total 638976K, used 638813K [0x0000000080000000, 0x00000000a7000000, 0x00000000d5580000)
  object space 638976K, 99% used [0x0000000080000000,0x00000000a6fd7640,0x00000000a7000000)
 Metaspace       used 86009K, committed 87552K, reserved 1179648K
  class space    used 8870K, committed 9536K, reserved 1048576K
GC Heap History (20 events):
Event: 7025.638 GC heap before
{Heap before GC invocations=797 (full 5):
 PSYoungGen      total 6656K, used 6403K [0x00000000d5580000, 0x00000000d5c80000, 0x0000000100000000)
  eden space 6144K, 100% used [0x00000000d5580000,0x00000000d5b80000,0x00000000d5b80000)
  from space 512K, 50% used [0x00000000d5b80000,0x00000000d5bc0c00,0x00000000d5c00000)
  to   space 512K, 0% used [0x00000000d5c00000,0x00000000d5c00000,0x00000000d5c80000)
 ParOldGen       total 636416K, used 636162K [0x0000000080000000, 0x00000000a6d80000, 0x00000000d5580000)
  object space 636416K, 99% used [0x0000000080000000,0x00000000a6d40b60,0x00000000a6d80000)
 Metaspace       used 86009K, committed 87552K, reserved 1179648K
  class space    used 8870K, committed 9536K, reserved 1048576K
}
Event: 7025.641 GC heap after
{Heap after GC invocations=797 (full 5):
 PSYoungGen      total 6656K, used 323K [0x00000000d5580000, 0x00000000d5c80000, 0x0000000100000000)
  eden space 6144K, 0% used [0x00000000d5580000,0x00000000d5580000,0x00000000d5b80000)
  from space 512K, 63% used [0x00000000d5c00000,0x00000000d5c50ce0,0x00000000d5c80000)
  to   space 512K, 0% used [0x00000000d5b80000,0x00000000d5b80000,0x00000000d5c00000)
 ParOldGen       total 636416K, used 636194K [0x0000000080000000, 0x00000000a6d80000, 0x00000000d5580000)
  object space 636416K, 99% used [0x0000000080000000,0x00000000a6d48b60,0x00000000a6d80000)
 Metaspace       used 86009K, committed 87552K, reserved 1179648K
  class space    used 8870K, committed 9536K, reserved 1048576K
}
Event: 7025.669 GC heap before
{Heap before GC invocations=798 (full 5):
 PSYoungGen      total 6656K, used 6467K [0x00000000d5580000, 0x00000000d5c80000, 0x0000000100000000)
  eden space 6144K, 100% used [0x00000000d5580000,0x00000000d5b80000,0x00000000d5b80000)
  from space 512K, 63% used [0x00000000d5c00000,0x00000000d5c50ce0,0x00000000d5c80000)
  to   space 512K, 0% used [0x00000000d5b80000,0x00000000d5b80000,0x00000000d5c00000)
 ParOldGen       total 636416K, used 636194K [0x0000000080000000, 0x00000000a6d80000, 0x00000000d5580000)
  object space 636416K, 99% used [0x0000000080000000,0x00000000a6d48b60,0x00000000a6d80000)
 Metaspace       used 86009K, committed 87552K, reserved 1179648K
  class space    used 8870K, committed 9536K, reserved 1048576K
}
Event: 7025.677 GC heap after
{Heap after GC invocations=798 (full 5):
 PSYoungGen      total 6656K, used 227K [0x00000000d5580000, 0x00000000d5d80000, 0x0000000100000000)
  eden space 6144K, 0% used [0x00000000d5580000,0x00000000d5580000,0x00000000d5b80000)
  from space 512K, 44% used [0x00000000d5b80000,0x00000000d5bb8fa8,0x00000000d5c00000)
  to   space 512K, 0% used [0x00000000d5d00000,0x00000000d5d00000,0x00000000d5d80000)
 ParOldGen       total 636416K, used 636234K [0x0000000080000000, 0x00000000a6d80000, 0x00000000d5580000)
  object space 636416K, 99% used [0x0000000080000000,0x00000000a6d52b60,0x00000000a6d80000)
 Metaspace       used 86009K, committed 87552K, reserved 1179648K
  class space    used 8870K, committed 9536K, reserved 1048576K
}
Event: 7025.707 GC heap before
{Heap before GC invocations=799 (full 5):
 PSYoungGen      total 6656K, used 6371K [0x00000000d5580000, 0x00000000d5d80000, 0x0000000100000000)
  eden space 6144K, 100% used [0x00000000d5580000,0x00000000d5b80000,0x00000000d5b80000)
  from space 512K, 44% used [0x00000000d5b80000,0x00000000d5bb8fa8,0x00000000d5c00000)
  to   space 512K, 0% used [0x00000000d5d00000,0x00000000d5d00000,0x00000000d5d80000)
 ParOldGen       total 636416K, used 636234K [0x0000000080000000, 0x00000000a6d80000, 0x00000000d5580000)
  object space 636416K, 99% used [0x0000000080000000,0x00000000a6d52b60,0x00000000a6d80000)
 Metaspace       used 86009K, committed 87552K, reserved 1179648K
  class space    used 8870K, committed 9536K, reserved 1048576K
}
Event: 7025.710 GC heap after
{Heap after GC invocations=799 (full 5):
 PSYoungGen      total 6656K, used 341K [0x00000000d5580000, 0x00000000d5d80000, 0x0000000100000000)
  eden space 6144K, 0% used [0x00000000d5580000,0x00000000d5580000,0x00000000d5b80000)
  from space 512K, 66% used [0x00000000d5d00000,0x00000000d5d55478,0x00000000d5d80000)
  to   space 512K, 0% used [0x00000000d5b80000,0x00000000d5b80000,0x00000000d5c00000)
 ParOldGen       total 637440K, used 637038K [0x0000000080000000, 0x00000000a6e80000, 0x00000000d5580000)
  object space 637440K, 99% used [0x0000000080000000,0x00000000a6e1b8d8,0x00000000a6e80000)
 Metaspace       used 86009K, committed 87552K, reserved 1179648K
  class space    used 8870K, committed 9536K, reserved 1048576K
}
Event: 7025.725 GC heap before
{Heap before GC invocations=800 (full 5):
 PSYoungGen      total 6656K, used 6485K [0x00000000d5580000, 0x00000000d5d80000, 0x0000000100000000)
  eden space 6144K, 100% used [0x00000000d5580000,0x00000000d5b80000,0x00000000d5b80000)
  from space 512K, 66% used [0x00000000d5d00000,0x00000000d5d55478,0x00000000d5d80000)
  to   space 512K, 0% used [0x00000000d5b80000,0x00000000d5b80000,0x00000000d5c00000)
 ParOldGen       total 637440K, used 637038K [0x0000000080000000, 0x00000000a6e80000, 0x00000000d5580000)
  object space 637440K, 99% used [0x0000000080000000,0x00000000a6e1b8d8,0x00000000a6e80000)
 Metaspace       used 86009K, committed 87552K, reserved 1179648K
  class space    used 8870K, committed 9536K, reserved 1048576K
}
Event: 7025.727 GC heap after
{Heap after GC invocations=800 (full 5):
 PSYoungGen      total 6656K, used 192K [0x00000000d5580000, 0x00000000d5d80000, 0x0000000100000000)
  eden space 6144K, 0% used [0x00000000d5580000,0x00000000d5580000,0x00000000d5b80000)
  from space 512K, 37% used [0x00000000d5b80000,0x00000000d5bb0000,0x00000000d5c00000)
  to   space 512K, 0% used [0x00000000d5d00000,0x00000000d5d00000,0x00000000d5d80000)
 ParOldGen       total 637440K, used 637233K [0x0000000080000000, 0x00000000a6e80000, 0x00000000d5580000)
  object space 637440K, 99% used [0x0000000080000000,0x00000000a6e4c620,0x00000000a6e80000)
 Metaspace       used 86009K, committed 87552K, reserved 1179648K
  class space    used 8870K, committed 9536K, reserved 1048576K
}
Event: 7025.740 GC heap before
{Heap before GC invocations=801 (full 5):
 PSYoungGen      total 6656K, used 6336K [0x00000000d5580000, 0x00000000d5d80000, 0x0000000100000000)
  eden space 6144K, 100% used [0x00000000d5580000,0x00000000d5b80000,0x00000000d5b80000)
  from space 512K, 37% used [0x00000000d5b80000,0x00000000d5bb0000,0x00000000d5c00000)
  to   space 512K, 0% used [0x00000000d5d00000,0x00000000d5d00000,0x00000000d5d80000)
 ParOldGen       total 637440K, used 637233K [0x0000000080000000, 0x00000000a6e80000, 0x00000000d5580000)
  object space 637440K, 99% used [0x0000000080000000,0x00000000a6e4c620,0x00000000a6e80000)
 Metaspace       used 86009K, committed 87552K, reserved 1179648K
  class space    used 8870K, committed 9536K, reserved 1048576K
}
Event: 7025.742 GC heap after
{Heap after GC invocations=801 (full 5):
 PSYoungGen      total 7680K, used 256K [0x00000000d5580000, 0x00000000d5d80000, 0x0000000100000000)
  eden space 7168K, 0% used [0x00000000d5580000,0x00000000d5580000,0x00000000d5c80000)
  from space 512K, 50% used [0x00000000d5d00000,0x00000000d5d40000,0x00000000d5d80000)
  to   space 512K, 0% used [0x00000000d5c80000,0x00000000d5c80000,0x00000000d5d00000)
 ParOldGen       total 637440K, used 637361K [0x0000000080000000, 0x00000000a6e80000, 0x00000000d5580000)
  object space 637440K, 99% used [0x0000000080000000,0x00000000a6e6c620,0x00000000a6e80000)
 Metaspace       used 86009K, committed 87552K, reserved 1179648K
  class space    used 8870K, committed 9536K, reserved 1048576K
}
Event: 7025.759 GC heap before
{Heap before GC invocations=802 (full 5):
 PSYoungGen      total 7680K, used 7424K [0x00000000d5580000, 0x00000000d5d80000, 0x0000000100000000)
  eden space 7168K, 100% used [0x00000000d5580000,0x00000000d5c80000,0x00000000d5c80000)
  from space 512K, 50% used [0x00000000d5d00000,0x00000000d5d40000,0x00000000d5d80000)
  to   space 512K, 0% used [0x00000000d5c80000,0x00000000d5c80000,0x00000000d5d00000)
 ParOldGen       total 637440K, used 637361K [0x0000000080000000, 0x00000000a6e80000, 0x00000000d5580000)
  object space 637440K, 99% used [0x0000000080000000,0x00000000a6e6c620,0x00000000a6e80000)
 Metaspace       used 86009K, committed 87552K, reserved 1179648K
  class space    used 8870K, committed 9536K, reserved 1048576K
}
Event: 7025.761 GC heap after
{Heap after GC invocations=802 (full 5):
 PSYoungGen      total 7680K, used 224K [0x00000000d5580000, 0x00000000d5e80000, 0x0000000100000000)
  eden space 7168K, 0% used [0x00000000d5580000,0x00000000d5580000,0x00000000d5c80000)
  from space 512K, 43% used [0x00000000d5c80000,0x00000000d5cb8000,0x00000000d5d00000)
  to   space 512K, 0% used [0x00000000d5e00000,0x00000000d5e00000,0x00000000d5e80000)
 ParOldGen       total 637952K, used 637497K [0x0000000080000000, 0x00000000a6f00000, 0x00000000d5580000)
  object space 637952K, 99% used [0x0000000080000000,0x00000000a6e8e620,0x00000000a6f00000)
 Metaspace       used 86009K, committed 87552K, reserved 1179648K
  class space    used 8870K, committed 9536K, reserved 1048576K
}
Event: 7025.789 GC heap before
{Heap before GC invocations=803 (full 5):
 PSYoungGen      total 7680K, used 7392K [0x00000000d5580000, 0x00000000d5e80000, 0x0000000100000000)
  eden space 7168K, 100% used [0x00000000d5580000,0x00000000d5c80000,0x00000000d5c80000)
  from space 512K, 43% used [0x00000000d5c80000,0x00000000d5cb8000,0x00000000d5d00000)
  to   space 512K, 0% used [0x00000000d5e00000,0x00000000d5e00000,0x00000000d5e80000)
 ParOldGen       total 637952K, used 637497K [0x0000000080000000, 0x00000000a6f00000, 0x00000000d5580000)
  object space 637952K, 99% used [0x0000000080000000,0x00000000a6e8e620,0x00000000a6f00000)
 Metaspace       used 86009K, committed 87552K, reserved 1179648K
  class space    used 8870K, committed 9536K, reserved 1048576K
}
Event: 7025.794 GC heap after
{Heap after GC invocations=803 (full 5):
 PSYoungGen      total 8704K, used 320K [0x00000000d5580000, 0x00000000d5e80000, 0x0000000100000000)
  eden space 8192K, 0% used [0x00000000d5580000,0x00000000d5580000,0x00000000d5d80000)
  from space 512K, 62% used [0x00000000d5e00000,0x00000000d5e50000,0x00000000d5e80000)
  to   space 512K, 0% used [0x00000000d5d80000,0x00000000d5d80000,0x00000000d5e00000)
 ParOldGen       total 637952K, used 637649K [0x0000000080000000, 0x00000000a6f00000, 0x00000000d5580000)
  object space 637952K, 99% used [0x0000000080000000,0x00000000a6eb4620,0x00000000a6f00000)
 Metaspace       used 86009K, committed 87552K, reserved 1179648K
  class space    used 8870K, committed 9536K, reserved 1048576K
}
Event: 7025.817 GC heap before
{Heap before GC invocations=804 (full 5):
 PSYoungGen      total 8704K, used 8512K [0x00000000d5580000, 0x00000000d5e80000, 0x0000000100000000)
  eden space 8192K, 100% used [0x00000000d5580000,0x00000000d5d80000,0x00000000d5d80000)
  from space 512K, 62% used [0x00000000d5e00000,0x00000000d5e50000,0x00000000d5e80000)
  to   space 512K, 0% used [0x00000000d5d80000,0x00000000d5d80000,0x00000000d5e00000)
 ParOldGen       total 637952K, used 637649K [0x0000000080000000, 0x00000000a6f00000, 0x00000000d5580000)
  object space 637952K, 99% used [0x0000000080000000,0x00000000a6eb4620,0x00000000a6f00000)
 Metaspace       used 86009K, committed 87552K, reserved 1179648K
  class space    used 8870K, committed 9536K, reserved 1048576K
}
Event: 7025.819 GC heap after
{Heap after GC invocations=804 (full 5):
 PSYoungGen      total 8704K, used 352K [0x00000000d5580000, 0x00000000d6000000, 0x0000000100000000)
  eden space 8192K, 0% used [0x00000000d5580000,0x00000000d5580000,0x00000000d5d80000)
  from space 512K, 68% used [0x00000000d5d80000,0x00000000d5dd8000,0x00000000d5e00000)
  to   space 512K, 0% used [0x00000000d5f80000,0x00000000d5f80000,0x00000000d6000000)
 ParOldGen       total 637952K, used 637809K [0x0000000080000000, 0x00000000a6f00000, 0x00000000d5580000)
  object space 637952K, 99% used [0x0000000080000000,0x00000000a6edc620,0x00000000a6f00000)
 Metaspace       used 86009K, committed 87552K, reserved 1179648K
  class space    used 8870K, committed 9536K, reserved 1048576K
}
Event: 7025.924 GC heap before
{Heap before GC invocations=805 (full 5):
 PSYoungGen      total 8704K, used 8544K [0x00000000d5580000, 0x00000000d6000000, 0x0000000100000000)
  eden space 8192K, 100% used [0x00000000d5580000,0x00000000d5d80000,0x00000000d5d80000)
  from space 512K, 68% used [0x00000000d5d80000,0x00000000d5dd8000,0x00000000d5e00000)
  to   space 512K, 0% used [0x00000000d5f80000,0x00000000d5f80000,0x00000000d6000000)
 ParOldGen       total 637952K, used 637809K [0x0000000080000000, 0x00000000a6f00000, 0x00000000d5580000)
  object space 637952K, 99% used [0x0000000080000000,0x00000000a6edc620,0x00000000a6f00000)
 Metaspace       used 86009K, committed 87552K, reserved 1179648K
  class space    used 8870K, committed 9536K, reserved 1048576K
}
Event: 7025.926 GC heap after
{Heap after GC invocations=805 (full 5):
 PSYoungGen      total 8704K, used 507K [0x00000000d5580000, 0x00000000d6000000, 0x0000000100000000)
  eden space 8192K, 0% used [0x00000000d5580000,0x00000000d5580000,0x00000000d5d80000)
  from space 512K, 99% used [0x00000000d5f80000,0x00000000d5ffed98,0x00000000d6000000)
  to   space 1024K, 0% used [0x00000000d5e00000,0x00000000d5e00000,0x00000000d5f00000)
 ParOldGen       total 638464K, used 638043K [0x0000000080000000, 0x00000000a6f80000, 0x00000000d5580000)
  object space 638464K, 99% used [0x0000000080000000,0x00000000a6f16ff8,0x00000000a6f80000)
 Metaspace       used 86009K, committed 87552K, reserved 1179648K
  class space    used 8870K, committed 9536K, reserved 1048576K
}
Event: 7025.941 GC heap before
{Heap before GC invocations=806 (full 5):
 PSYoungGen      total 8704K, used 8699K [0x00000000d5580000, 0x00000000d6000000, 0x0000000100000000)
  eden space 8192K, 100% used [0x00000000d5580000,0x00000000d5d80000,0x00000000d5d80000)
  from space 512K, 99% used [0x00000000d5f80000,0x00000000d5ffed98,0x00000000d6000000)
  to   space 1024K, 0% used [0x00000000d5e00000,0x00000000d5e00000,0x00000000d5f00000)
 ParOldGen       total 638464K, used 638043K [0x0000000080000000, 0x00000000a6f80000, 0x00000000d5580000)
  object space 638464K, 99% used [0x0000000080000000,0x00000000a6f16ff8,0x00000000a6f80000)
 Metaspace       used 86009K, committed 87552K, reserved 1179648K
  class space    used 8870K, committed 9536K, reserved 1048576K
}
Event: 7025.950 GC heap after
{Heap after GC invocations=806 (full 5):
 PSYoungGen      total 9728K, used 224K [0x00000000d5580000, 0x00000000d6000000, 0x0000000100000000)
  eden space 8704K, 0% used [0x00000000d5580000,0x00000000d5580000,0x00000000d5e00000)
  from space 1024K, 21% used [0x00000000d5e00000,0x00000000d5e38000,0x00000000d5f00000)
  to   space 512K, 0% used [0x00000000d5f80000,0x00000000d5f80000,0x00000000d6000000)
 ParOldGen       total 638976K, used 638549K [0x0000000080000000, 0x00000000a7000000, 0x00000000d5580000)
  object space 638976K, 99% used [0x0000000080000000,0x00000000a6f95640,0x00000000a7000000)
 Metaspace       used 86009K, committed 87552K, reserved 1179648K
  class space    used 8870K, committed 9536K, reserved 1048576K
}

